<?xml version="1.0" encoding="UTF-8" standalone="yes"?><!DOCTYPE report PUBLIC "-//JACOCO//DTD Report 1.1//EN" "report.dtd"><report name="untitled"><sessioninfo id="WIN-6AI656K37S7-1d734fb8" start="1669663382148" dump="1669663383361"/><sessioninfo id="WIN-6AI656K37S7-1b12ef81" start="1669663469200" dump="1669663470283"/><sessioninfo id="WIN-6AI656K37S7-85ac3777" start="1669663655281" dump="1669663656430"/><sessioninfo id="WIN-6AI656K37S7-b9e6abeb" start="1669663766499" dump="1669663767565"/><sessioninfo id="WIN-6AI656K37S7-3cfebe4b" start="1669663852188" dump="1669663853267"/><sessioninfo id="WIN-6AI656K37S7-92c7c964" start="1669663882612" dump="1669663883712"/><sessioninfo id="WIN-6AI656K37S7-d7e9d2fb" start="1669664367174" dump="1669664368222"/><sessioninfo id="WIN-6AI656K37S7-685bed66" start="1669665547546" dump="1669665548574"/><sessioninfo id="WIN-6AI656K37S7-65c0f575" start="1669666652428" dump="1669666653516"/><sessioninfo id="WIN-6AI656K37S7-e04d8ab0" start="1669666899653" dump="1669666900748"/><sessioninfo id="WIN-6AI656K37S7-72ac7993" start="1669669453063" dump="1669669454171"/><sessioninfo id="WIN-6AI656K37S7-c676c975" start="1669669522028" dump="1669669523092"/><sessioninfo id="WIN-6AI656K37S7-9eb3865c" start="1669747238112" dump="1669747239290"/><sessioninfo id="WIN-6AI656K37S7-d8f05e73" start="1669749753005" dump="1669749754100"/><sessioninfo id="WIN-6AI656K37S7-c2b33896" start="1669751169068" dump="1669751170256"/><sessioninfo id="WIN-6AI656K37S7-7c1a93ea" start="1669751385505" dump="1669751386623"/><sessioninfo id="WIN-6AI656K37S7-2ee6fb45" start="1669751992916" dump="1669751994131"/><sessioninfo id="WIN-6AI656K37S7-774202d1" start="1669752384516" dump="1669752385576"/><sessioninfo id="WIN-6AI656K37S7-e7495d3d" start="1669752467302" dump="1669752468360"/><sessioninfo id="WIN-6AI656K37S7-91c9bf9" start="1669752503987" dump="1669752505044"/><sessioninfo id="WIN-6AI656K37S7-e7662b06" start="1669752512884" dump="1669752513933"/><sessioninfo id="WIN-6AI656K37S7-1130ca6b" start="1669752542315" dump="1669752543384"/><sessioninfo id="WIN-6AI656K37S7-892a1a03" start="1669753459953" dump="1669753461038"/><sessioninfo id="WIN-6AI656K37S7-ea6a9b82" start="1669754209306" dump="1669754210404"/><sessioninfo id="WIN-6AI656K37S7-2e1f2840" start="1670164706998" dump="1670164708096"/><sessioninfo id="WIN-6AI656K37S7-78b098ae" start="1670164836410" dump="1670164837471"/><sessioninfo id="WIN-6AI656K37S7-eac70a5c" start="1670165860068" dump="1670165861291"/><sessioninfo id="WIN-6AI656K37S7-17cb357" start="1670166057270" dump="1670166058325"/><sessioninfo id="WIN-6AI656K37S7-9f6aac03" start="1670166198773" dump="1670166199835"/><sessioninfo id="WIN-6AI656K37S7-507b5a29" start="1670166391904" dump="1670166392953"/><sessioninfo id="WIN-6AI656K37S7-3a6fcf7b" start="1670166734623" dump="1670166735720"/><sessioninfo id="WIN-6AI656K37S7-c7575903" start="1670167244498" dump="1670167245646"/><sessioninfo id="WIN-6AI656K37S7-f1f0a595" start="1670167310418" dump="1670167311549"/><sessioninfo id="WIN-6AI656K37S7-337c9f0f" start="1670168382644" dump="1670168383749"/><sessioninfo id="WIN-6AI656K37S7-b15dab6" start="1670168446302" dump="1670168447448"/><sessioninfo id="WIN-6AI656K37S7-4b9419fb" start="1670168761893" dump="1670168763004"/><sessioninfo id="WIN-6AI656K37S7-51bab9c5" start="1670169462399" dump="1670169463532"/><sessioninfo id="WIN-6AI656K37S7-2ecfb7c4" start="1670169553839" dump="1670169554916"/><sessioninfo id="WIN-6AI656K37S7-60c546bd" start="1670169775970" dump="1670169777069"/><sessioninfo id="WIN-6AI656K37S7-8d1f272f" start="1670170193648" dump="1670170194755"/><sessioninfo id="WIN-6AI656K37S7-384fe4d0" start="1670170514756" dump="1670170515926"/><sessioninfo id="WIN-6AI656K37S7-5c663958" start="1670170789627" dump="1670170790827"/><sessioninfo id="WIN-6AI656K37S7-e0455629" start="1670171034171" dump="1670171035287"/><sessioninfo id="WIN-6AI656K37S7-6c3668ba" start="1670171051167" dump="1670171052279"/><sessioninfo id="WIN-6AI656K37S7-c4079c98" start="1670171174533" dump="1670171175659"/><sessioninfo id="WIN-6AI656K37S7-a1854035" start="1670171224509" dump="1670171225620"/><package name="com/example"><class name="com/example/Feline" sourcefilename="Feline.java"><method name="&lt;init&gt;" desc="()V" line="5"><counter type="INSTRUCTION" missed="0" covered="3"/><counter type="LINE" missed="0" covered="1"/><counter type="COMPLEXITY" missed="0" covered="1"/><counter type="METHOD" missed="0" covered="1"/></method><method name="eatMeat" desc="()Ljava/util/List;" line="9"><counter type="INSTRUCTION" missed="0" covered="4"/><counter type="LINE" missed="0" covered="1"/><counter type="COMPLEXITY" missed="0" covered="1"/><counter type="METHOD" missed="0" covered="1"/></method><method name="getFamily" desc="()Ljava/lang/String;" line="14"><counter type="INSTRUCTION" missed="0" covered="2"/><counter type="LINE" missed="0" covered="1"/><counter type="COMPLEXITY" missed="0" covered="1"/><counter type="METHOD" missed="0" covered="1"/></method><method name="getKittens" desc="()I" line="18"><counter type="INSTRUCTION" missed="0" covered="4"/><counter type="LINE" missed="0" covered="1"/><counter type="COMPLEXITY" missed="0" covered="1"/><counter type="METHOD" missed="0" covered="1"/></method><method name="getKittens" desc="(I)I" line="22"><counter type="INSTRUCTION" missed="0" covered="2"/><counter type="LINE" missed="0" covered="1"/><counter type="COMPLEXITY" missed="0" covered="1"/><counter type="METHOD" missed="0" covered="1"/></method><counter type="INSTRUCTION" missed="0" covered="15"/><counter type="LINE" missed="0" covered="5"/><counter type="COMPLEXITY" missed="0" covered="5"/><counter type="METHOD" missed="0" covered="5"/><counter type="CLASS" missed="0" covered="1"/></class><class name="com/example/Animal" sourcefilename="Animal.java"><method name="&lt;init&gt;" desc="()V" line="5"><counter type="INSTRUCTION" missed="0" covered="3"/><counter type="LINE" missed="0" covered="1"/><counter type="COMPLEXITY" missed="0" covered="1"/><counter type="METHOD" missed="0" covered="1"/></method><method name="getFood" desc="(Ljava/lang/String;)Ljava/util/List;" line="10"><counter type="INSTRUCTION" missed="9" covered="13"/><counter type="BRANCH" missed="2" covered="2"/><counter type="LINE" missed="2" covered="3"/><counter type="COMPLEXITY" missed="2" covered="1"/><counter type="METHOD" missed="0" covered="1"/></method><method name="getFamily" desc="()Ljava/lang/String;" line="20"><counter type="INSTRUCTION" missed="2" covered="0"/><counter type="LINE" missed="1" covered="0"/><counter type="COMPLEXITY" missed="1" covered="0"/><counter type="METHOD" missed="1" covered="0"/></method><counter type="INSTRUCTION" missed="11" covered="16"/><counter type="BRANCH" missed="2" covered="2"/><counter type="LINE" missed="3" covered="4"/><counter type="COMPLEXITY" missed="3" covered="2"/><counter type="METHOD" missed="1" covered="2"/><counter type="CLASS" missed="0" covered="1"/></class><class name="com/example/Lion" sourcefilename="Lion.java"><method name="&lt;init&gt;" desc="(Ljava/lang/String;Lcom/example/Feline;)V" line="10"><counter type="INSTRUCTION" missed="5" covered="22"/><counter type="BRANCH" missed="1" covered="3"/><counter type="LINE" missed="1" covered="7"/><counter type="COMPLEXITY" missed="1" covered="2"/><counter type="METHOD" missed="0" covered="1"/></method><method name="getKittens" desc="()I" line="25"><counter type="INSTRUCTION" missed="4" covered="0"/><counter type="LINE" missed="1" covered="0"/><counter type="COMPLEXITY" missed="1" covered="0"/><counter type="METHOD" missed="1" covered="0"/></method><method name="doesHaveMane" desc="()Z" line="29"><counter type="INSTRUCTION" missed="0" covered="3"/><counter type="LINE" missed="0" covered="1"/><counter type="COMPLEXITY" missed="0" covered="1"/><counter type="METHOD" missed="0" covered="1"/></method><method name="getFood" desc="()Ljava/util/List;" line="33"><counter type="INSTRUCTION" missed="0" covered="5"/><counter type="LINE" missed="0" covered="1"/><counter type="COMPLEXITY" missed="0" covered="1"/><counter type="METHOD" missed="0" covered="1"/></method><counter type="INSTRUCTION" missed="9" covered="30"/><counter type="BRANCH" missed="1" covered="3"/><counter type="LINE" missed="2" covered="9"/><counter type="COMPLEXITY" missed="2" covered="4"/><counter type="METHOD" missed="1" covered="3"/><counter type="CLASS" missed="0" covered="1"/></class><class name="com/example/Predator" sourcefilename="Predator.java"/><class name="com/example/Cat" sourcefilename="Cat.java"><method name="&lt;init&gt;" desc="(Lcom/example/Feline;)V" line="9"><counter type="INSTRUCTION" missed="0" covered="6"/><counter type="LINE" missed="0" covered="3"/><counter type="COMPLEXITY" missed="0" covered="1"/><counter type="METHOD" missed="0" covered="1"/></method><method name="getSound" desc="()Ljava/lang/String;" line="14"><counter type="INSTRUCTION" missed="0" covered="2"/><counter type="LINE" missed="0" covered="1"/><counter type="COMPLEXITY" missed="0" covered="1"/><counter type="METHOD" missed="0" covered="1"/></method><method name="getFood" desc="()Ljava/util/List;" line="18"><counter type="INSTRUCTION" missed="0" covered="4"/><counter type="LINE" missed="0" covered="1"/><counter type="COMPLEXITY" missed="0" covered="1"/><counter type="METHOD" missed="0" covered="1"/></method><counter type="INSTRUCTION" missed="0" covered="12"/><counter type="LINE" missed="0" covered="5"/><counter type="COMPLEXITY" missed="0" covered="3"/><counter type="METHOD" missed="0" covered="3"/><counter type="CLASS" missed="0" covered="1"/></class><sourcefile name="Lion.java"><line nr="10" mi="0" ci="2" mb="0" cb="0"/><line nr="11" mi="0" ci="3" mb="0" cb="0"/><line nr="12" mi="0" ci="4" mb="0" cb="2"/><line nr="13" mi="0" ci="4" mb="0" cb="0"/><line nr="14" mi="0" ci="4" mb="1" cb="1"/><line nr="15" mi="0" ci="4" mb="0" cb="0"/><line nr="17" mi="5" ci="0" mb="0" cb="0"/><line nr="19" mi="0" ci="1" mb="0" cb="0"/><line nr="25" mi="4" ci="0" mb="0" cb="0"/><line nr="29" mi="0" ci="3" mb="0" cb="0"/><line nr="33" mi="0" ci="5" mb="0" cb="0"/><counter type="INSTRUCTION" missed="9" covered="30"/><counter type="BRANCH" missed="1" covered="3"/><counter type="LINE" missed="2" covered="9"/><counter type="COMPLEXITY" missed="2" covered="4"/><counter type="METHOD" missed="1" covered="3"/><counter type="CLASS" missed="0" covered="1"/></sourcefile><sourcefile name="Predator.java"/><sourcefile name="Animal.java"><line nr="5" mi="0" ci="3" mb="0" cb="0"/><line nr="10" mi="0" ci="4" mb="1" cb="1"/><line nr="11" mi="4" ci="0" mb="0" cb="0"/><line nr="12" mi="0" ci="4" mb="1" cb="1"/><line nr="13" mi="0" ci="5" mb="0" cb="0"/><line nr="15" mi="5" ci="0" mb="0" cb="0"/><line nr="20" mi="2" ci="0" mb="0" cb="0"/><counter type="INSTRUCTION" missed="11" covered="16"/><counter type="BRANCH" missed="2" covered="2"/><counter type="LINE" missed="3" covered="4"/><counter type="COMPLEXITY" missed="3" covered="2"/><counter type="METHOD" missed="1" covered="2"/><counter type="CLASS" missed="0" covered="1"/></sourcefile><sourcefile name="Feline.java"><line nr="5" mi="0" ci="3" mb="0" cb="0"/><line nr="9" mi="0" ci="4" mb="0" cb="0"/><line nr="14" mi="0" ci="2" mb="0" cb="0"/><line nr="18" mi="0" ci="4" mb="0" cb="0"/><line nr="22" mi="0" ci="2" mb="0" cb="0"/><counter type="INSTRUCTION" missed="0" covered="15"/><counter type="LINE" missed="0" covered="5"/><counter type="COMPLEXITY" missed="0" covered="5"/><counter type="METHOD" missed="0" covered="5"/><counter type="CLASS" missed="0" covered="1"/></sourcefile><sourcefile name="Cat.java"><line nr="9" mi="0" ci="2" mb="0" cb="0"/><line nr="10" mi="0" ci="3" mb="0" cb="0"/><line nr="11" mi="0" ci="1" mb="0" cb="0"/><line nr="14" mi="0" ci="2" mb="0" cb="0"/><line nr="18" mi="0" ci="4" mb="0" cb="0"/><counter type="INSTRUCTION" missed="0" covered="12"/><counter type="LINE" missed="0" covered="5"/><counter type="COMPLEXITY" missed="0" covered="3"/><counter type="METHOD" missed="0" covered="3"/><counter type="CLASS" missed="0" covered="1"/></sourcefile><counter type="INSTRUCTION" missed="20" covered="73"/><counter type="BRANCH" missed="3" covered="5"/><counter type="LINE" missed="5" covered="23"/><counter type="COMPLEXITY" missed="5" covered="14"/><counter type="METHOD" missed="2" covered="13"/><counter type="CLASS" missed="0" covered="4"/></package><counter type="INSTRUCTION" missed="20" covered="73"/><counter type="BRANCH" missed="3" covered="5"/><counter type="LINE" missed="5" covered="23"/><counter type="COMPLEXITY" missed="5" covered="14"/><counter type="METHOD" missed="2" covered="13"/><counter type="CLASS" missed="0" covered="4"/></report>